<?xml version="1.0" encoding="UTF-8"?>
<testsuite xmlns:xsi="http://www.w3.org/2001/XMLSchema-instance" xsi:noNamespaceSchemaLocation="https://maven.apache.org/surefire/maven-surefire-plugin/xsd/surefire-test-report.xsd" name="cloud.csonic.labmaven.api.CustomerControllerTest" time="2.744" tests="2" errors="0" skipped="0" failures="0">
  <properties>
[...]
</properties>
  <testcase name="getById" classname="cloud.csonic.labmaven.api.CustomerControllerTest" time="0.221"/>
  <testcase name="listAll" classname="cloud.csonic.labmaven.api.CustomerControllerTest" time="0.03"/>
</testsuite>