<?xml version="1.0" encoding="UTF-8" standalone="yes"?><!DOCTYPE report PUBLIC "-//JACOCO//DTD Report 1.1//EN" "report.dtd"><report name="labmaven"><sessioninfo id="Manuels-MacBook-Pro.local-22335fa8" start="1635775405978" dump="1635775411610"/><sessioninfo id="Manuels-MacBook-Pro.local-24414a8f" start="1635775458348" dump="1635775463138"/><sessioninfo id="Manuels-MacBook-Pro.local-78200061" start="1635775568505" dump="1635775573243"/><sessioninfo id="Manuels-MacBook-Pro.local-ac385b43" start="1635775864337" dump="1635775869316"/><sessioninfo id="Manuels-MacBook-Pro.local-eb3c587b" start="1635775980673" dump="1635775985321"/><sessioninfo id="Manuels-MacBook-Pro.local-fcdfff0b" start="1635776007494" dump="1635776012716"/><sessioninfo id="Manuels-MacBook-Pro.local-2054ba53" start="1635776103031" dump="1635776109501"/><sessioninfo id="Manuels-MacBook-Pro.local-99624ac" start="1635776183986" dump="1635776189381"/><sessioninfo id="Manuels-MacBook-Pro.local-bc707711" start="1635776458408" dump="1635776463757"/><sessioninfo id="Manuels-MacBook-Pro.local-509e6929" start="1635776686501" dump="1635776691626"/><sessioninfo id="Manuels-MacBook-Pro.local-3ffee70c" start="1635776775972" dump="1635776781517"/><sessioninfo id="Manuels-MacBook-Pro.local-8908c240" start="1635777224960" dump="1635777230393"/><sessioninfo id="Manuels-MacBook-Pro.local-b7e48fa2" start="1635777248911" dump="1635777254040"/><sessioninfo id="Manuels-MacBook-Pro.local-23e7b5e8" start="1635777604928" dump="1635777610274"/><sessioninfo id="Manuels-MacBook-Pro.local-b58e9887" start="1635777684660" dump="1635777690015"/><sessioninfo id="Manuels-MacBook-Pro.local-b0341144" start="1635777831852" dump="1635777836990"/><sessioninfo id="Manuels-MacBook-Pro.local-87b4de73" start="1635777864120" dump="1635777869097"/><sessioninfo id="Manuels-MacBook-Pro.local-20b2202b" start="1635777892515" dump="1635777897252"/><sessioninfo id="Manuels-MacBook-Pro.local-286338eb" start="1635777960657" dump="1635777965041"/><sessioninfo id="Manuels-MacBook-Pro.local-fc8a6035" start="1635778050215" dump="1635778055537"/><sessioninfo id="Manuels-MacBook-Pro.local-a36d9514" start="1635778074787" dump="1635778078767"/><package name="cloud/csonic/labmaven/model"><class name="cloud/csonic/labmaven/model/Customer" sourcefilename="Customer.java"/><class name="cloud/csonic/labmaven/model/Customer$CustomerBuilder" sourcefilename="Customer.java"/><sourcefile name="Customer.java"/></package><package name="cloud/csonic/labmaven/repository"><class name="cloud/csonic/labmaven/repository/CustomerRepositoryImpl" sourcefilename="CustomerRepositoryImpl.java"><method name="&lt;init&gt;" desc="()V" line="10"><counter type="INSTRUCTION" missed="0" covered="3"/><counter type="LINE" missed="0" covered="1"/><counter type="COMPLEXITY" missed="0" covered="1"/><counter type="METHOD" missed="0" covered="1"/></method><method name="listAll" desc="()Ljava/util/List;" line="17"><counter type="INSTRUCTION" missed="30" covered="0"/><counter type="LINE" missed="11" covered="0"/><counter type="COMPLEXITY" missed="1" covered="0"/><counter type="METHOD" missed="1" covered="0"/></method><method name="getById" desc="(J)Lcloud/csonic/labmaven/model/Customer;" line="35"><counter type="INSTRUCTION" missed="9" covered="0"/><counter type="LINE" missed="5" covered="0"/><counter type="COMPLEXITY" missed="1" covered="0"/><counter type="METHOD" missed="1" covered="0"/></method><counter type="INSTRUCTION" missed="39" covered="3"/><counter type="LINE" missed="16" covered="1"/><counter type="COMPLEXITY" missed="2" covered="1"/><counter type="METHOD" missed="2" covered="1"/><counter type="CLASS" missed="0" covered="1"/></class><class name="cloud/csonic/labmaven/repository/CustomerRepository" sourcefilename="CustomerRepository.java"/><sourcefile name="CustomerRepository.java"/><sourcefile name="CustomerRepositoryImpl.java"><line nr="10" mi="0" ci="3" mb="0" cb="0"/><line nr="17" mi="2" ci="0" mb="0" cb="0"/><line nr="18" mi="2" ci="0" mb="0" cb="0"/><line nr="19" mi="2" ci="0" mb="0" cb="0"/><line nr="20" mi="1" ci="0" mb="0" cb="0"/><line nr="21" mi="2" ci="0" mb="0" cb="0"/><line nr="23" mi="2" ci="0" mb="0" cb="0"/><line nr="24" mi="2" ci="0" mb="0" cb="0"/><line nr="25" mi="2" ci="0" mb="0" cb="0"/><line nr="26" mi="1" ci="0" mb="0" cb="0"/><line nr="27" mi="2" ci="0" mb="0" cb="0"/><line nr="29" mi="12" ci="0" mb="0" cb="0"/><line nr="35" mi="3" ci="0" mb="0" cb="0"/><line nr="36" mi="2" ci="0" mb="0" cb="0"/><line nr="37" mi="2" ci="0" mb="0" cb="0"/><line nr="38" mi="1" ci="0" mb="0" cb="0"/><line nr="39" mi="1" ci="0" mb="0" cb="0"/><counter type="INSTRUCTION" missed="39" covered="3"/><counter type="LINE" missed="16" covered="1"/><counter type="COMPLEXITY" missed="2" covered="1"/><counter type="METHOD" missed="2" covered="1"/><counter type="CLASS" missed="0" covered="1"/></sourcefile><counter type="INSTRUCTION" missed="39" covered="3"/><counter type="LINE" missed="16" covered="1"/><counter type="COMPLEXITY" missed="2" covered="1"/><counter type="METHOD" missed="2" covered="1"/><counter type="CLASS" missed="0" covered="1"/></package><package name="cloud/csonic/labmaven/service"><class name="cloud/csonic/labmaven/service/CustomerService" sourcefilename="CustomerService.java"/><class name="cloud/csonic/labmaven/service/CustomerServiceImpl" sourcefilename="CustomerServiceImpl.java"><method name="listAll" desc="()Ljava/util/List;" line="21"><counter type="INSTRUCTION" missed="0" covered="4"/><counter type="LINE" missed="0" covered="1"/><counter type="COMPLEXITY" missed="0" covered="1"/><counter type="METHOD" missed="0" covered="1"/></method><method name="getById" desc="(J)Lcloud/csonic/labmaven/model/Customer;" line="26"><counter type="INSTRUCTION" missed="0" covered="5"/><counter type="LINE" missed="0" covered="1"/><counter type="COMPLEXITY" missed="0" covered="1"/><counter type="METHOD" missed="0" covered="1"/></method><counter type="INSTRUCTION" missed="0" covered="9"/><counter type="LINE" missed="0" covered="2"/><counter type="COMPLEXITY" missed="0" covered="2"/><counter type="METHOD" missed="0" covered="2"/><counter type="CLASS" missed="0" covered="1"/></class><sourcefile name="CustomerService.java"/><sourcefile name="CustomerServiceImpl.java"><line nr="21" mi="0" ci="4" mb="0" cb="0"/><line nr="26" mi="0" ci="5" mb="0" cb="0"/><counter type="INSTRUCTION" missed="0" covered="9"/><counter type="LINE" missed="0" covered="2"/><counter type="COMPLEXITY" missed="0" covered="2"/><counter type="METHOD" missed="0" covered="2"/><counter type="CLASS" missed="0" covered="1"/></sourcefile><counter type="INSTRUCTION" missed="0" covered="9"/><counter type="LINE" missed="0" covered="2"/><counter type="COMPLEXITY" missed="0" covered="2"/><counter type="METHOD" missed="0" covered="2"/><counter type="CLASS" missed="0" covered="1"/></package><package name="cloud/csonic/labmaven/api/dto"><class name="cloud/csonic/labmaven/api/dto/CustomerDto$CustomerDtoBuilder" sourcefilename="CustomerDto.java"/><class name="cloud/csonic/labmaven/api/dto/CustomerDto" sourcefilename="CustomerDto.java"/><class name="cloud/csonic/labmaven/api/dto/CustomersDto" sourcefilename="CustomersDto.java"/><class name="cloud/csonic/labmaven/api/dto/CustomersDto$CustomersDtoBuilder" sourcefilename="CustomersDto.java"/><sourcefile name="CustomersDto.java"/><sourcefile name="CustomerDto.java"/></package><package name="cloud/csonic/labmaven/api"><class name="cloud/csonic/labmaven/api/CustomerController" sourcefilename="CustomerController.java"><method name="listAll" desc="()Lcloud/csonic/labmaven/api/dto/CustomersDto;" line="22"><counter type="INSTRUCTION" missed="0" covered="7"/><counter type="LINE" missed="0" covered="3"/><counter type="COMPLEXITY" missed="0" covered="1"/><counter type="METHOD" missed="0" covered="1"/></method><method name="getById" desc="(J)Lcloud/csonic/labmaven/api/dto/CustomerDto;" line="30"><counter type="INSTRUCTION" missed="0" covered="8"/><counter type="LINE" missed="0" covered="3"/><counter type="COMPLEXITY" missed="0" covered="1"/><counter type="METHOD" missed="0" covered="1"/></method><counter type="INSTRUCTION" missed="0" covered="15"/><counter type="LINE" missed="0" covered="6"/><counter type="COMPLEXITY" missed="0" covered="2"/><counter type="METHOD" missed="0" covered="2"/><counter type="CLASS" missed="0" covered="1"/></class><sourcefile name="CustomerController.java"><line nr="22" mi="0" ci="4" mb="0" cb="0"/><line nr="23" mi="0" ci="2" mb="0" cb="0"/><line nr="24" mi="0" ci="1" mb="0" cb="0"/><line nr="30" mi="0" ci="5" mb="0" cb="0"/><line nr="31" mi="0" ci="2" mb="0" cb="0"/><line nr="32" mi="0" ci="1" mb="0" cb="0"/><counter type="INSTRUCTION" missed="0" covered="15"/><counter type="LINE" missed="0" covered="6"/><counter type="COMPLEXITY" missed="0" covered="2"/><counter type="METHOD" missed="0" covered="2"/><counter type="CLASS" missed="0" covered="1"/></sourcefile><counter type="INSTRUCTION" missed="0" covered="15"/><counter type="LINE" missed="0" covered="6"/><counter type="COMPLEXITY" missed="0" covered="2"/><counter type="METHOD" missed="0" covered="2"/><counter type="CLASS" missed="0" covered="1"/></package><package name="cloud/csonic/labmaven"><class name="cloud/csonic/labmaven/LabmavenApplication" sourcefilename="LabmavenApplication.java"><method name="&lt;init&gt;" desc="()V" line="7"><counter type="INSTRUCTION" missed="0" covered="3"/><counter type="LINE" missed="0" covered="1"/><counter type="COMPLEXITY" missed="0" covered="1"/><counter type="METHOD" missed="0" covered="1"/></method><method name="main" desc="([Ljava/lang/String;)V" line="10"><counter type="INSTRUCTION" missed="5" covered="0"/><counter type="LINE" missed="2" covered="0"/><counter type="COMPLEXITY" missed="1" covered="0"/><counter type="METHOD" missed="1" covered="0"/></method><counter type="INSTRUCTION" missed="5" covered="3"/><counter type="LINE" missed="2" covered="1"/><counter type="COMPLEXITY" missed="1" covered="1"/><counter type="METHOD" missed="1" covered="1"/><counter type="CLASS" missed="0" covered="1"/></class><sourcefile name="LabmavenApplication.java"><line nr="7" mi="0" ci="3" mb="0" cb="0"/><line nr="10" mi="4" ci="0" mb="0" cb="0"/><line nr="11" mi="1" ci="0" mb="0" cb="0"/><counter type="INSTRUCTION" missed="5" covered="3"/><counter type="LINE" missed="2" covered="1"/><counter type="COMPLEXITY" missed="1" covered="1"/><counter type="METHOD" missed="1" covered="1"/><counter type="CLASS" missed="0" covered="1"/></sourcefile><counter type="INSTRUCTION" missed="5" covered="3"/><counter type="LINE" missed="2" covered="1"/><counter type="COMPLEXITY" missed="1" covered="1"/><counter type="METHOD" missed="1" covered="1"/><counter type="CLASS" missed="0" covered="1"/></package><counter type="INSTRUCTION" missed="44" covered="30"/><counter type="LINE" missed="18" covered="10"/><counter type="COMPLEXITY" missed="3" covered="6"/><counter type="METHOD" missed="3" covered="6"/><counter type="CLASS" missed="0" covered="4"/></report>